[debug] [2021-01-18T04:58:27.692Z] ----------------------------------------------------------------------
[debug] [2021-01-18T04:58:27.838Z] Command:       C:\Program Files\nodejs\node.exe C:\Users\Christoph\AppData\Roaming\npm\node_modules\firebase-tools\lib\bin\firebase.js init
[debug] [2021-01-18T04:58:27.838Z] CLI Version:   9.1.1
[debug] [2021-01-18T04:58:27.838Z] Platform:      win32
[debug] [2021-01-18T04:58:27.838Z] Node Version:  v12.16.3
[debug] [2021-01-18T04:58:28.746Z] Time:          Sun Jan 17 2021 22:58:27 GMT-0600 (Central Standard Time)
[debug] [2021-01-18T04:58:28.746Z] ----------------------------------------------------------------------
[debug] [2021-01-18T04:58:28.746Z] 
[debug] [2021-01-18T04:58:28.830Z] >>> [apiv2][query] GET https://firebase-public.firebaseio.com/cli.json [none]
[debug] [2021-01-18T04:58:29.480Z] > command requires scopes: ["email","openid","https://www.googleapis.com/auth/cloudplatformprojects.readonly","https://www.googleapis.com/auth/firebase","https://www.googleapis.com/auth/cloud-platform"]
[debug] [2021-01-18T04:58:29.481Z] > authorizing via signed-in user
[info] 
     ######## #### ########  ######## ########     ###     ######  ########
     ##        ##  ##     ## ##       ##     ##  ##   ##  ##       ##
     ######    ##  ########  ######   ########  #########  ######  ######
     ##        ##  ##    ##  ##       ##     ## ##     ##       ## ##
     ##       #### ##     ## ######## ########  ##     ##  ######  ########

You're about to initialize a Firebase project in this directory:

  C:\Users\Christoph\Desktop\Portfolio\portfolio-site

Before we get started, keep in mind:

  * You are initializing in an existing Firebase project directory

[debug] [2021-01-18T04:58:29.784Z] <<< [apiv2][status] GET https://firebase-public.firebaseio.com/cli.json 200
[debug] [2021-01-18T04:58:29.784Z] <<< [apiv2][body] GET https://firebase-public.firebaseio.com/cli.json {"cloudBuildErrorAfter":1594252800000,"cloudBuildWarnAfter":1590019200000,"defaultNode10After":1594252800000,"minVersion":"3.0.5","node8DeploysDisabledAfter":1613390400000,"node8RuntimeDisabledAfter":1615809600000,"node8WarnAfter":1600128000000}
